<?xml version="1.0" encoding="UTF-8"?>
<!-- Generated by org.testng.reporters.JUnitReportReporter -->
<testsuite skipped="0" hostname="AsÄ±m-Pc" name="com.syntax.testcases.LoginPageTest" tests="1" failures="0" timestamp="18 Jun 2019 18:09:33 GMT" time="9.693" errors="0">
  <testcase name="doLogin" time="9.693" classname="com.syntax.testcases.LoginPageTest"/>
</testsuite> <!-- com.syntax.testcases.LoginPageTest -->
